2025-12-11 10:18:44,461 - INFO - ==================================================
2025-12-11 10:18:44,461 - INFO - ПРОГРАММА ЗАПУЩЕНА
2025-12-11 10:18:44,461 - INFO - ==================================================
2025-12-11 10:18:44,969 - WARNING - Неверный выбор в меню: & C:/Users/dkask/AppData/Local/Programs/Python/Python312/python.exe c:/Users/dkask/Desktop/ttp/15/main.py
2025-12-11 10:18:50,032 - INFO - Выбран выход из программы.
2025-12-11 10:18:52,192 - INFO - ==================================================
2025-12-11 10:18:52,192 - INFO - ПРОГРАММА ЗАПУЩЕНА
2025-12-11 10:18:52,192 - INFO - ==================================================
2025-12-11 11:02:11,470 - INFO - Выбран выход из программы.
2025-12-12 16:05:31,627 - __main__ - INFO - Программа запущена
2025-12-12 16:05:45,788 - __main__ - INFO - Выбрано задание 1
2025-12-12 16:05:45,789 - task_1 - INFO - Начало выполнения задания 1
2025-12-12 16:05:53,481 - task_1 - INFO - Сгенерирован случайный массив 1: [4, -1, -8, 5, -7, -4, 3, -4]
2025-12-12 16:05:58,654 - task_1 - INFO - Сгенерирован случайный массив 2: [3, -3, -10, 2, 8, 8, -6, -1]
2025-12-12 16:05:58,658 - task_1 - INFO - Выполнение алгоритма задания 1: arr1=[4, -1, -8, 5, -7, -4, 3, -4], arr2=[3, -3, -10, 2, 8, 8, -6, -1]
2025-12-12 16:05:58,658 - task_1 - INFO - Алгоритм выполнен. Результат: [-5, -2, -2, -1, 0, 0, 0, 1]
2025-12-12 16:05:58,664 - task_1 - INFO - Задание 1 выполнено
2025-12-12 16:06:10,974 - __main__ - INFO - Выход из программы
2025-12-15 14:59:01,173 - __main__ - INFO - Программа запущена
2025-12-15 14:59:20,575 - __main__ - INFO - Выход из программы
2025-12-19 14:29:50,076 - INFO - ==================================================
2025-12-19 14:29:50,076 - INFO - ПРОГРАММА ЗАПУЩЕНА
2025-12-19 14:29:50,076 - INFO - ==================================================
2025-12-19 14:30:04,032 - INFO - Выбрана справка.
2025-12-19 14:30:10,741 - INFO - Выбрано изменение уровня логирования.
2025-12-19 14:30:19,462 - INFO - Выбрано задание 1. Обработка двух массивов.
2025-12-19 14:30:19,462 - INFO - Начало выполнения задания 1
2025-12-19 14:30:26,852 - INFO - Ввод массива: размер=0, способ=9
2025-12-19 14:30:36,406 - INFO - Введен массив вручную: [4]
2025-12-19 14:30:37,551 - INFO - Ввод массива: размер=4, способ=44
2025-12-19 14:30:38,577 - INFO - Введен массив вручную: [4]
2025-12-19 14:30:38,578 - INFO - Вызов функции execute_task_1_algorithm с параметрами: arr1=[4], arr2=[4]
2025-12-19 14:30:38,580 - INFO - Задание 1 выполнено. Результат: [0]
2025-12-19 14:30:38,792 - WARNING - Неверный выбор в меню: 
2025-12-19 14:30:39,025 - WARNING - Неверный выбор в меню: 
2025-12-19 14:30:39,320 - WARNING - Неверный выбор в меню: 
2025-12-19 14:30:43,306 - INFO - Выбран выход из программы.
2025-12-19 14:52:26,163 - INFO - ==================================================
2025-12-19 14:52:26,163 - INFO - ПРОГРАММА ЗАПУЩЕНА
2025-12-19 14:52:26,163 - INFO - ==================================================
2025-12-19 14:52:55,351 - INFO - Выбрано задание 1. Обработка двух массивов.
2025-12-19 14:52:55,351 - INFO - Начало выполнения задания 1
2025-12-19 14:53:01,155 - INFO - Ввод массива: размер=3, способ=2
2025-12-19 14:53:01,171 - INFO - Сгенерирован случайный массив: [8, -7, 10]
2025-12-19 14:53:11,612 - INFO - Ввод массива: размер=3, способ=2
2025-12-19 14:53:11,612 - INFO - Сгенерирован случайный массив: [-7, 7, 2]
2025-12-19 14:53:11,612 - INFO - Вызов функции execute_task_1_algorithm с параметрами: arr1=[8, -7, 10], arr2=[-7, 7, 2]
2025-12-19 14:53:11,612 - INFO - Задание 1 выполнено. Результат: [0, 3, 10]
2025-12-19 15:30:35,846 - INFO - Выбран выход из программы.
2025-12-19 16:59:23,379 - INFO - ==================================================
2025-12-19 16:59:23,379 - INFO - ПРОГРАММА ЗАПУЩЕНА
2025-12-19 16:59:23,379 - INFO - ==================================================
2025-12-19 16:59:33,997 - INFO - Выбрано задание 1. Обработка двух массивов.
2025-12-19 16:59:33,997 - INFO - Начало выполнения задания 1
2025-12-19 16:59:41,452 - INFO - Ввод массива: размер=2, способ=2
2025-12-19 16:59:41,452 - INFO - Сгенерирован случайный массив: [0, 0]
2025-12-19 16:59:49,092 - INFO - Ввод массива: размер=3, способ=2
2025-12-19 16:59:49,092 - INFO - Сгенерирован случайный массив: [-8, 1, 3]
2025-12-19 16:59:49,092 - INFO - Вызов функции execute_task_1_algorithm с параметрами: arr1=[0, 0], arr2=[-8, 1, 3]
2025-12-19 16:59:49,092 - INFO - Задание 1 выполнено. Результат: []
2025-12-19 16:59:50,891 - INFO - Выбран выход из программы.
2025-12-19 17:01:04,402 - __main__ - INFO - Программа запущена
2025-12-19 17:01:10,877 - __main__ - INFO - Выбрано задание 1
2025-12-19 17:01:10,877 - task_1 - INFO - Начало выполнения задания 1
2025-12-19 17:01:14,039 - task_1 - WARNING - Ошибка ввода в задании 1: Размер массива должен быть положительным числом
2025-12-24 22:04:29,287 - __main__ - INFO - Программа запущена
2025-12-24 22:04:33,896 - __main__ - INFO - MAIN choice: 0
2025-12-24 22:04:33,897 - __main__ - INFO - Application exit
2025-12-25 09:33:41,338 - __main__ - INFO - Программа запущена
2025-12-25 09:33:45,784 - __main__ - INFO - MAIN choice: 0
2025-12-25 09:33:45,784 - __main__ - INFO - Application exit
2025-12-26 14:37:51,649 - __main__ - INFO - Программа запущена
2025-12-26 14:37:55,387 - __main__ - INFO - MAIN choice: 0
2025-12-26 14:37:55,387 - __main__ - INFO - Application exit
2025-12-26 14:45:05,608 - __main__ - INFO - Программа запущена
2025-12-26 14:45:11,054 - __main__ - INFO - Главное меню: ввод пользователя → 1
2025-12-26 14:45:11,054 - __main__ - INFO - → Переход в task_1
2025-12-26 14:45:18,317 - task_1 - INFO - task1 choice: 2 (state=NO_DATA)
2025-12-26 14:45:22,567 - task_1 - INFO - task1: массивы сгенерированы
2025-12-26 14:45:29,453 - task_1 - INFO - task1 choice: 5 (state=HAS_DATA)
2025-12-26 14:45:29,453 - task_1 - INFO - task1: возврат в главное меню
2025-12-26 14:45:32,714 - __main__ - INFO - Главное меню: ввод пользователя → 0
2025-12-26 14:45:32,714 - __main__ - INFO - Приложение завершено пользователем
2025-12-26 14:45:41,044 - __main__ - INFO - Программа запущена
2025-12-26 14:45:43,850 - __main__ - INFO - Главное меню: ввод пользователя → 0
2025-12-26 14:45:43,850 - __main__ - INFO - Приложение завершено пользователем
2025-12-26 14:46:38,862 - __main__ - INFO - Программа запущена
2025-12-26 14:46:41,293 - __main__ - INFO - MAIN choice: 0
2025-12-26 14:46:41,293 - __main__ - INFO - Application exit
2025-12-26 14:47:03,933 - __main__ - INFO - Программа запущена
2025-12-26 14:49:56,505 - __main__ - INFO - Главное меню: ввод пользователя → 4
2025-12-26 14:49:56,505 - __main__ - INFO - → Переход в task_4
2025-12-26 15:18:01,871 - task_4 - INFO - task4 choice: 6 (state=NO_DATA)
2025-12-26 15:18:01,874 - task_4 - INFO - task4: возврат в главное меню
2025-12-26 15:18:03,883 - __main__ - INFO - Главное меню: ввод пользователя → 0
2025-12-26 15:18:03,883 - __main__ - INFO - Приложение завершено пользователем
