2025-12-15 14:48:50,238 - SERVER - INFO - Запущен рабочий поток для обработки задач
2025-12-15 14:48:50,238 - SERVER - INFO - Сервер запущен на 127.0.0.1:5000
2025-12-15 14:48:50,251 - SERVER - INFO - Максимальное количество клиентов: 10
2025-12-15 14:48:50,251 - SERVER - INFO - Рабочих потоков: 1
2025-12-15 14:48:50,251 - SERVER - INFO - Ожидание подключений...
2025-12-15 14:49:02,379 - SERVER - INFO - Получен сигнал 2, завершение работы...
2025-12-15 14:49:02,379 - SERVER - INFO - Остановка сервера...
2025-12-15 14:49:03,369 - SERVER - INFO - Рабочий поток завершен
2025-12-15 14:49:03,375 - SERVER - INFO - Сервер остановлен
2025-12-19 16:02:51,359 - INFO - Сервер: инициализирован и готов к обработке запросов
2025-12-19 16:02:51,371 - INFO - ------------------------------------------------------------
2025-12-19 16:02:51,371 - INFO - СЕРВЕР ЗАДАЧ 1, 4, 5
2025-12-19 16:02:51,371 - INFO - ------------------------------------------------------------
2025-12-19 16:02:51,371 - INFO - Адрес: 127.0.0.1:5000
2025-12-19 16:02:51,371 - INFO - Основной поток: ID 5868
2025-12-19 16:02:51,371 - INFO - Активные потоки: 2

2025-12-19 16:02:51,371 - INFO - Ожидание запросов от клиентов...

2025-12-19 16:02:51,990 - INFO - Клиент1: получен запрос на task1
2025-12-19 16:02:54,610 - INFO - Клиент1: выполнена задача task1
2025-12-19 16:02:54,610 - INFO - Клиент2: получен запрос на task5
2025-12-19 16:02:55,779 - INFO - Клиент2: выполнена задача task5
2025-12-19 16:02:55,779 - INFO - Клиент3: получен запрос на task1
2025-12-19 16:02:56,917 - INFO - Клиент3: выполнена задача task1
2025-12-19 16:02:56,917 - INFO - Клиент2: получен запрос на task1
2025-12-19 16:02:59,053 - INFO - Клиент2: выполнена задача task1
2025-12-19 16:02:59,054 - INFO - Клиент1: получен запрос на task4
2025-12-19 16:03:01,479 - INFO - Клиент1: выполнена задача task4
2025-12-19 16:03:01,481 - INFO - Клиент3: получен запрос на task4
2025-12-19 16:03:03,944 - INFO - Клиент3: выполнена задача task4
2025-12-19 16:03:03,944 - INFO - Клиент3: получен запрос на task5
2025-12-19 16:03:05,096 - INFO - Сервер обработал 6 запросов
2025-12-19 16:03:06,867 - INFO - Клиент3: выполнена задача task5
2025-12-19 16:51:17,073 - INFO - Сервер: инициализирован и готов к обработке запросов
2025-12-19 16:51:17,073 - INFO - ------------------------------------------------------------
2025-12-19 16:51:17,073 - INFO - СЕРВЕР ЗАДАЧ 1, 4, 5
2025-12-19 16:51:17,073 - INFO - ------------------------------------------------------------
2025-12-19 16:51:17,073 - INFO - Адрес: 127.0.0.1:5000
2025-12-19 16:51:17,073 - INFO - Основной поток: ID 20328
2025-12-19 16:51:17,073 - INFO - Активные потоки: 2

2025-12-19 16:51:17,073 - INFO - Ожидание запросов от клиентов...

2025-12-19 16:51:17,672 - INFO - Клиент1: получен запрос на task1
2025-12-19 16:51:20,131 - INFO - Клиент1: выполнена задача task1
2025-12-19 16:51:20,133 - INFO - Клиент2: получен запрос на task5
2025-12-19 16:51:22,911 - INFO - Клиент2: выполнена задача task5
2025-12-19 16:51:22,913 - INFO - Клиент3: получен запрос на task1
2025-12-19 16:51:25,876 - INFO - Клиент3: выполнена задача task1
2025-12-19 16:51:25,876 - INFO - Клиент2: получен запрос на task1
2025-12-19 16:51:27,127 - INFO - Клиент2: выполнена задача task1
2025-12-19 16:51:27,128 - INFO - Клиент1: получен запрос на task4
2025-12-19 16:51:29,026 - INFO - Клиент1: выполнена задача task4
2025-12-19 16:51:29,026 - INFO - Клиент3: получен запрос на task4
2025-12-19 16:51:30,651 - INFO - Клиент3: выполнена задача task4
2025-12-19 16:51:30,651 - INFO - Клиент3: получен запрос на task5
2025-12-19 16:51:31,779 - INFO - Сервер обработал 6 запросов
2025-12-19 16:51:32,760 - INFO - Клиент3: выполнена задача task5
2025-12-25 09:12:52,054 - INFO - Сервер: инициализирован и готов к обработке запросов
2025-12-25 09:12:52,054 - INFO - ------------------------------------------------------------
2025-12-25 09:12:52,054 - INFO - СЕРВЕР ЗАДАЧ 1, 4, 5
2025-12-25 09:12:52,054 - INFO - ------------------------------------------------------------
2025-12-25 09:12:52,054 - INFO - Адрес: 127.0.0.1:5000
2025-12-25 09:12:52,054 - INFO - Основной поток: ID 7024
2025-12-25 09:12:52,054 - INFO - Активные потоки: 2

2025-12-25 09:12:52,054 - INFO - Ожидание запросов от клиентов...

2025-12-25 09:12:52,650 - INFO - Клиент1: получен запрос на task1
2025-12-25 09:12:54,131 - INFO - Клиент1: выполнена задача task1
2025-12-25 09:12:54,133 - INFO - Клиент2: получен запрос на task5
2025-12-25 09:12:55,663 - INFO - Клиент2: выполнена задача task5
2025-12-25 09:12:55,663 - INFO - Клиент1: получен запрос на task4
2025-12-25 09:12:58,171 - INFO - Клиент1: выполнена задача task4
2025-12-25 09:12:58,171 - INFO - Клиент3: получен запрос на task1
2025-12-25 09:12:59,734 - INFO - Клиент3: выполнена задача task1
2025-12-25 09:12:59,734 - INFO - Клиент3: получен запрос на task4
2025-12-25 09:13:01,829 - INFO - Клиент3: выполнена задача task4
2025-12-25 09:13:01,831 - INFO - Клиент2: получен запрос на task1
2025-12-25 09:13:03,873 - INFO - Клиент2: выполнена задача task1
2025-12-25 09:13:03,873 - INFO - Клиент3: получен запрос на task5
2025-12-25 09:13:05,055 - INFO - Сервер обработал 6 запросов
2025-12-25 09:13:05,517 - INFO - Клиент3: выполнена задача task5
2025-12-25 09:24:38,614 - INFO - Сервер: инициализирован и готов к обработке запросов
2025-12-25 09:24:38,614 - INFO - ------------------------------------------------------------
2025-12-25 09:24:38,619 - INFO - СЕРВЕР ЗАДАЧ 1, 4, 5
2025-12-25 09:24:38,619 - INFO - ------------------------------------------------------------
2025-12-25 09:24:38,619 - INFO - Адрес: 127.0.0.1:5000
2025-12-25 09:24:38,619 - INFO - Основной поток: ID 27680
2025-12-25 09:24:38,619 - INFO - Активные потоки: 2

2025-12-25 09:24:38,619 - INFO - Ожидание запросов от клиентов...

2025-12-25 09:24:39,188 - INFO - Клиент1: получен запрос на task1
2025-12-25 09:24:41,730 - INFO - Клиент1: выполнена задача task1
2025-12-25 09:24:41,730 - INFO - Клиент3: получен запрос на task1
2025-12-25 09:24:43,866 - INFO - Клиент3: выполнена задача task1
2025-12-25 09:24:43,867 - INFO - Клиент2: получен запрос на task5
2025-12-25 09:24:45,440 - INFO - Клиент2: выполнена задача task5
2025-12-25 09:24:45,440 - INFO - Клиент2: получен запрос на task1
2025-12-25 09:24:46,865 - INFO - Клиент2: выполнена задача task1
2025-12-25 09:24:46,868 - INFO - Клиент1: получен запрос на task4
2025-12-25 09:24:48,377 - INFO - Клиент1: выполнена задача task4
2025-12-25 09:24:48,377 - INFO - Клиент3: получен запрос на task4
2025-12-25 09:24:50,794 - INFO - Клиент3: выполнена задача task4
2025-12-25 09:24:50,794 - INFO - Клиент3: получен запрос на task5
2025-12-25 09:24:51,961 - INFO - Сервер обработал 6 запросов
2025-12-25 09:24:52,667 - INFO - Клиент3: выполнена задача task5
2025-12-25 11:24:40,564 - INFO - Сервер: инициализирован и готов к обработке запросов
2025-12-25 11:24:40,564 - INFO - ------------------------------------------------------------
2025-12-25 11:24:40,564 - INFO - СЕРВЕР ЗАДАЧ 1, 4, 5
2025-12-25 11:24:40,564 - INFO - ------------------------------------------------------------
2025-12-25 11:24:40,564 - INFO - Адрес: 127.0.0.1:5000
2025-12-25 11:24:40,564 - INFO - Основной поток: ID 9028
2025-12-25 11:24:40,564 - INFO - Активные потоки: 2

2025-12-25 11:24:40,564 - INFO - Ожидание запросов от клиентов...

2025-12-25 11:24:41,299 - INFO - Клиент2: получен запрос на task5
2025-12-25 11:24:43,739 - INFO - Клиент2: выполнена задача task5
2025-12-25 11:24:43,741 - INFO - Клиент1: получен запрос на task1
2025-12-25 11:24:45,967 - INFO - Клиент1: выполнена задача task1
2025-12-25 11:24:45,967 - INFO - Клиент3: получен запрос на task1
2025-12-25 11:24:48,758 - INFO - Клиент3: выполнена задача task1
2025-12-25 11:24:48,758 - INFO - Клиент3: получен запрос на task4
2025-12-25 11:24:50,344 - INFO - Клиент3: выполнена задача task4
2025-12-25 11:24:50,344 - INFO - Клиент2: получен запрос на task1
2025-12-25 11:24:52,604 - INFO - Клиент2: выполнена задача task1
2025-12-25 11:24:52,606 - INFO - Клиент1: получен запрос на task4
2025-12-25 11:24:54,871 - INFO - Клиент1: выполнена задача task4
2025-12-25 11:24:54,874 - INFO - Клиент3: получен запрос на task5
2025-12-25 11:24:55,953 - INFO - Сервер обработал 6 запросов
2025-12-25 11:24:57,818 - INFO - Клиент3: выполнена задача task5
